<?xml version="1.0" encoding="UTF-8"?>
<!-- Generated by org.testng.reporters.JUnitXMLReporter -->
<testsuite ignored="2" hostname="Lenovo-PC" failures="0" tests="1" name="Delete Portfolio-Delete Existing PortFolioIteration-1" time="0.106" errors="0" timestamp="2024-01-03T19:10:47 IST">
  <testcase classname="ff.tests.PortfolioManagement" name="deletePortfolio" time="0.001">
    <skipped/>
  </testcase> <!-- deletePortfolio -->
  <testcase classname="ff.tests.PortfolioManagement" name="selectPortfolio" time="0.0">
    <ignored/>
  </testcase> <!-- selectPortfolio -->
  <testcase classname="ff.tests.PortfolioManagement" name="createPortfolio" time="0.0">
    <ignored/>
  </testcase> <!-- createPortfolio -->
</testsuite> <!-- Delete Portfolio-Delete Existing PortFolioIteration-1 -->
