<?xml version="1.0" encoding="UTF-8"?>
<!-- Generated by org.testng.reporters.JUnitXMLReporter -->
<testsuite ignored="4" hostname="Lenovo-PC" failures="0" tests="5" name="Add New Stock-New StockIteration-0" time="33.149" errors="0" timestamp="2024-01-04T14:18:51 IST">
  <testcase classname="ff.tests.PortfolioManagement" name="selectPortfolio" time="2.572"/>
  <testcase classname="ff.tests.StockManagement" name="addNewStock" time="6.162"/>
  <testcase classname="ff.tests.StockManagement" name="verifyStockPresent" time="0.514"/>
  <testcase classname="ff.tests.StockManagement" name="verifyStockQuantity" time="0.008"/>
  <testcase classname="ff.tests.StockManagement" name="verifyTransactionHistory" time="0.001"/>
  <testcase classname="testBase.BaseTest" name="@BeforeTest beforeTest" time="0.0">
    <ignored/>
  </testcase> <!-- @BeforeTest beforeTest -->
  <testcase classname="ff.tests.PortfolioManagement" name="createPortfolio" time="0.0">
    <ignored/>
  </testcase> <!-- createPortfolio -->
  <testcase classname="ff.tests.PortfolioManagement" name="deletePortfolio" time="0.0">
    <ignored/>
  </testcase> <!-- deletePortfolio -->
  <testcase classname="testBase.BaseTest" name="@AfterTest afterTest" time="0.0">
    <ignored/>
  </testcase> <!-- @AfterTest afterTest -->
</testsuite> <!-- Add New Stock-New StockIteration-0 -->
