<?xml version="1.0" encoding="UTF-8"?>
<testng-results ignored="0" total="10" passed="5" failed="0" skipped="5">
  <reporter-output>
  </reporter-output>
  <suite started-at="2024-01-04T14:18:18 IST" name="Stock Suite" finished-at="2024-01-04T14:18:51 IST" duration-ms="33346">
    <groups>
    </groups>
    <test started-at="2024-01-04T14:18:18 IST" name="Add New Stock-New StockIteration-0" finished-at="2024-01-04T14:18:51 IST" duration-ms="33149">
      <class name="ff.tests.StockManagement">
        <test-method is-config="true" signature="beforeMethod(org.testng.ITestContext)[pri:0, instance:ff.tests.StockManagement@10b48321]" started-at="2024-01-04T14:18:42 IST" name="beforeMethod" finished-at="2024-01-04T14:18:42 IST" duration-ms="2" status="PASS">
          <params>
            <param index="0">
              <value>
                <![CDATA[org.testng.TestRunner@2f79f192]]>
              </value>
            </param>
          </params>
          <reporter-output>
          </reporter-output>
        </test-method> <!-- beforeMethod -->
        <test-method signature="addNewStock(org.testng.ITestContext)[pri:0, instance:ff.tests.StockManagement@10b48321]" started-at="2024-01-04T14:18:42 IST" name="addNewStock" finished-at="2024-01-04T14:18:49 IST" duration-ms="6162" status="PASS">
          <params>
            <param index="0">
              <value>
                <![CDATA[org.testng.TestRunner@2f79f192]]>
              </value>
            </param>
          </params>
          <reporter-output>
          </reporter-output>
        </test-method> <!-- addNewStock -->
        <test-method is-config="true" signature="beforeMethod(org.testng.ITestContext)[pri:0, instance:ff.tests.StockManagement@10b48321]" started-at="2024-01-04T14:18:49 IST" name="beforeMethod" finished-at="2024-01-04T14:18:49 IST" duration-ms="1" status="PASS">
          <params>
            <param index="0">
              <value>
                <![CDATA[org.testng.TestRunner@2f79f192]]>
              </value>
            </param>
          </params>
          <reporter-output>
          </reporter-output>
        </test-method> <!-- beforeMethod -->
        <test-method signature="verifyStockPresent(org.testng.ITestContext)[pri:0, instance:ff.tests.StockManagement@10b48321]" started-at="2024-01-04T14:18:49 IST" name="verifyStockPresent" finished-at="2024-01-04T14:18:49 IST" duration-ms="514" status="PASS">
          <params>
            <param index="0">
              <value>
                <![CDATA[org.testng.TestRunner@2f79f192]]>
              </value>
            </param>
          </params>
          <reporter-output>
          </reporter-output>
        </test-method> <!-- verifyStockPresent -->
        <test-method is-config="true" signature="beforeMethod(org.testng.ITestContext)[pri:0, instance:ff.tests.StockManagement@10b48321]" started-at="2024-01-04T14:18:49 IST" name="beforeMethod" finished-at="2024-01-04T14:18:49 IST" duration-ms="1" status="PASS">
          <params>
            <param index="0">
              <value>
                <![CDATA[org.testng.TestRunner@2f79f192]]>
              </value>
            </param>
          </params>
          <reporter-output>
          </reporter-output>
        </test-method> <!-- beforeMethod -->
        <test-method signature="verifyStockQuantity(org.testng.ITestContext,java.lang.String)[pri:0, instance:ff.tests.StockManagement@10b48321]" started-at="2024-01-04T14:18:49 IST" name="verifyStockQuantity" finished-at="2024-01-04T14:18:49 IST" duration-ms="8" status="PASS">
          <params>
            <param index="0">
              <value>
                <![CDATA[org.testng.TestRunner@2f79f192]]>
              </value>
            </param>
            <param index="1">
              <value>
                <![CDATA[addstock]]>
              </value>
            </param>
          </params>
          <reporter-output>
          </reporter-output>
        </test-method> <!-- verifyStockQuantity -->
        <test-method is-config="true" signature="beforeMethod(org.testng.ITestContext)[pri:0, instance:ff.tests.StockManagement@10b48321]" started-at="2024-01-04T14:18:49 IST" name="beforeMethod" finished-at="2024-01-04T14:18:49 IST" duration-ms="3" status="PASS">
          <params>
            <param index="0">
              <value>
                <![CDATA[org.testng.TestRunner@2f79f192]]>
              </value>
            </param>
          </params>
          <reporter-output>
          </reporter-output>
        </test-method> <!-- beforeMethod -->
        <test-method signature="verifyTransactionHistory(org.testng.ITestContext,java.lang.String)[pri:0, instance:ff.tests.StockManagement@10b48321]" started-at="2024-01-04T14:18:49 IST" name="verifyTransactionHistory" finished-at="2024-01-04T14:18:49 IST" duration-ms="1" status="PASS">
          <params>
            <param index="0">
              <value>
                <![CDATA[org.testng.TestRunner@2f79f192]]>
              </value>
            </param>
            <param index="1">
              <value>
                <![CDATA[addstock]]>
              </value>
            </param>
          </params>
          <reporter-output>
          </reporter-output>
        </test-method> <!-- verifyTransactionHistory -->
      </class> <!-- ff.tests.StockManagement -->
      <class name="ff.tests.PortfolioManagement">
        <test-method is-config="true" signature="beforeTest(org.testng.ITestContext)[pri:0, instance:ff.tests.PortfolioManagement@25359ed8]" started-at="2024-01-04T14:18:18 IST" name="beforeTest" finished-at="2024-01-04T14:18:40 IST" duration-ms="22163" status="PASS">
          <params>
            <param index="0">
              <value>
                <![CDATA[org.testng.TestRunner@2f79f192]]>
              </value>
            </param>
          </params>
          <reporter-output>
          </reporter-output>
        </test-method> <!-- beforeTest -->
        <test-method is-config="true" signature="beforeMethod(org.testng.ITestContext)[pri:0, instance:ff.tests.PortfolioManagement@25359ed8]" started-at="2024-01-04T14:18:40 IST" name="beforeMethod" finished-at="2024-01-04T14:18:40 IST" duration-ms="24" status="PASS">
          <params>
            <param index="0">
              <value>
                <![CDATA[org.testng.TestRunner@2f79f192]]>
              </value>
            </param>
          </params>
          <reporter-output>
          </reporter-output>
        </test-method> <!-- beforeMethod -->
        <test-method signature="selectPortfolio(org.testng.ITestContext)[pri:0, instance:ff.tests.PortfolioManagement@25359ed8]" started-at="2024-01-04T14:18:40 IST" name="selectPortfolio" finished-at="2024-01-04T14:18:42 IST" duration-ms="2572" status="PASS">
          <params>
            <param index="0">
              <value>
                <![CDATA[org.testng.TestRunner@2f79f192]]>
              </value>
            </param>
          </params>
          <reporter-output>
          </reporter-output>
        </test-method> <!-- selectPortfolio -->
        <test-method is-config="true" signature="afterTest(org.testng.ITestContext)[pri:0, instance:ff.tests.PortfolioManagement@25359ed8]" started-at="2024-01-04T14:18:49 IST" name="afterTest" finished-at="2024-01-04T14:18:51 IST" duration-ms="1565" status="PASS">
          <params>
            <param index="0">
              <value>
                <![CDATA[org.testng.TestRunner@2f79f192]]>
              </value>
            </param>
          </params>
          <reporter-output>
          </reporter-output>
        </test-method> <!-- afterTest -->
      </class> <!-- ff.tests.PortfolioManagement -->
    </test> <!-- Add New Stock-New StockIteration-0 -->
    <test started-at="2024-01-04T14:18:51 IST" name="Add New Stock-New StockIteration-1" finished-at="2024-01-04T14:18:51 IST" duration-ms="137">
      <class name="ff.tests.StockManagement">
        <test-method is-config="true" signature="beforeMethod(org.testng.ITestContext)[pri:0, instance:ff.tests.StockManagement@1a052a00]" started-at="2024-01-04T14:18:51 IST" name="beforeMethod" finished-at="2024-01-04T14:18:51 IST" duration-ms="1" status="PASS">
          <params>
            <param index="0">
              <value>
                <![CDATA[org.testng.TestRunner@160e99e0]]>
              </value>
            </param>
          </params>
          <reporter-output>
          </reporter-output>
        </test-method> <!-- beforeMethod -->
        <test-method signature="addNewStock(org.testng.ITestContext)[pri:0, instance:ff.tests.StockManagement@1a052a00]" started-at="2024-01-04T14:18:51 IST" name="addNewStock" finished-at="2024-01-04T14:18:51 IST" duration-ms="0" status="SKIP">
          <params>
            <param index="0">
              <value>
                <![CDATA[org.testng.TestRunner@160e99e0]]>
              </value>
            </param>
          </params>
          <exception class="org.testng.SkipException">
            <message>
              <![CDATA[Skipping as Data Runmode is N]]>
            </message>
            <full-stacktrace>
              <![CDATA[org.testng.SkipException: Skipping as Data Runmode is N
at testBase.BaseTest.beforeTest(BaseTest.java:55)
at java.base/jdk.internal.reflect.DirectMethodHandleAccessor.invoke(DirectMethodHandleAccessor.java:104)
at java.base/java.lang.reflect.Method.invoke(Method.java:578)
at org.testng.internal.invokers.MethodInvocationHelper.invokeMethod(MethodInvocationHelper.java:139)
at org.testng.internal.invokers.MethodInvocationHelper.invokeMethodConsideringTimeout(MethodInvocationHelper.java:69)
at org.testng.internal.invokers.ConfigInvoker.invokeConfigurationMethod(ConfigInvoker.java:390)
at org.testng.internal.invokers.ConfigInvoker.invokeConfigurations(ConfigInvoker.java:325)
at org.testng.TestRunner.invokeTestConfigurations(TestRunner.java:663)
at org.testng.TestRunner.beforeRun(TestRunner.java:652)
at org.testng.TestRunner.run(TestRunner.java:614)
at org.testng.SuiteRunner.runTest(SuiteRunner.java:443)
at org.testng.SuiteRunner.runSequentially(SuiteRunner.java:437)
at org.testng.SuiteRunner.privateRun(SuiteRunner.java:397)
at org.testng.SuiteRunner.run(SuiteRunner.java:336)
at org.testng.SuiteRunnerWorker.runSuite(SuiteRunnerWorker.java:52)
at org.testng.SuiteRunnerWorker.run(SuiteRunnerWorker.java:95)
at org.testng.TestNG.runSuitesSequentially(TestNG.java:1280)
at org.testng.TestNG.runSuitesLocally(TestNG.java:1200)
at org.testng.TestNG.runSuites(TestNG.java:1114)
at org.testng.TestNG.run(TestNG.java:1082)
at runner.TestNGRunner.run(TestNGRunner.java:88)
at runner.JSONRunner.main(JSONRunner.java:102)
]]>
            </full-stacktrace>
          </exception> <!-- org.testng.SkipException -->
          <reporter-output>
          </reporter-output>
        </test-method> <!-- addNewStock -->
        <test-method is-config="true" signature="beforeMethod(org.testng.ITestContext)[pri:0, instance:ff.tests.StockManagement@1a052a00]" started-at="2024-01-04T14:18:51 IST" name="beforeMethod" finished-at="2024-01-04T14:18:51 IST" duration-ms="3" status="PASS">
          <params>
            <param index="0">
              <value>
                <![CDATA[org.testng.TestRunner@160e99e0]]>
              </value>
            </param>
          </params>
          <reporter-output>
          </reporter-output>
        </test-method> <!-- beforeMethod -->
        <test-method signature="verifyStockPresent(org.testng.ITestContext)[pri:0, instance:ff.tests.StockManagement@1a052a00]" started-at="2024-01-04T14:18:51 IST" name="verifyStockPresent" finished-at="2024-01-04T14:18:51 IST" duration-ms="0" status="SKIP">
          <params>
            <param index="0">
              <value>
                <![CDATA[org.testng.TestRunner@160e99e0]]>
              </value>
            </param>
          </params>
          <exception class="org.testng.SkipException">
            <message>
              <![CDATA[Skipping as Data Runmode is N]]>
            </message>
            <full-stacktrace>
              <![CDATA[org.testng.SkipException: Skipping as Data Runmode is N
at testBase.BaseTest.beforeTest(BaseTest.java:55)
at java.base/jdk.internal.reflect.DirectMethodHandleAccessor.invoke(DirectMethodHandleAccessor.java:104)
at java.base/java.lang.reflect.Method.invoke(Method.java:578)
at org.testng.internal.invokers.MethodInvocationHelper.invokeMethod(MethodInvocationHelper.java:139)
at org.testng.internal.invokers.MethodInvocationHelper.invokeMethodConsideringTimeout(MethodInvocationHelper.java:69)
at org.testng.internal.invokers.ConfigInvoker.invokeConfigurationMethod(ConfigInvoker.java:390)
at org.testng.internal.invokers.ConfigInvoker.invokeConfigurations(ConfigInvoker.java:325)
at org.testng.TestRunner.invokeTestConfigurations(TestRunner.java:663)
at org.testng.TestRunner.beforeRun(TestRunner.java:652)
at org.testng.TestRunner.run(TestRunner.java:614)
at org.testng.SuiteRunner.runTest(SuiteRunner.java:443)
at org.testng.SuiteRunner.runSequentially(SuiteRunner.java:437)
at org.testng.SuiteRunner.privateRun(SuiteRunner.java:397)
at org.testng.SuiteRunner.run(SuiteRunner.java:336)
at org.testng.SuiteRunnerWorker.runSuite(SuiteRunnerWorker.java:52)
at org.testng.SuiteRunnerWorker.run(SuiteRunnerWorker.java:95)
at org.testng.TestNG.runSuitesSequentially(TestNG.java:1280)
at org.testng.TestNG.runSuitesLocally(TestNG.java:1200)
at org.testng.TestNG.runSuites(TestNG.java:1114)
at org.testng.TestNG.run(TestNG.java:1082)
at runner.TestNGRunner.run(TestNGRunner.java:88)
at runner.JSONRunner.main(JSONRunner.java:102)
]]>
            </full-stacktrace>
          </exception> <!-- org.testng.SkipException -->
          <reporter-output>
          </reporter-output>
        </test-method> <!-- verifyStockPresent -->
        <test-method is-config="true" signature="beforeMethod(org.testng.ITestContext)[pri:0, instance:ff.tests.StockManagement@1a052a00]" started-at="2024-01-04T14:18:51 IST" name="beforeMethod" finished-at="2024-01-04T14:18:51 IST" duration-ms="1" status="PASS">
          <params>
            <param index="0">
              <value>
                <![CDATA[org.testng.TestRunner@160e99e0]]>
              </value>
            </param>
          </params>
          <reporter-output>
          </reporter-output>
        </test-method> <!-- beforeMethod -->
        <test-method signature="verifyStockQuantity(org.testng.ITestContext,java.lang.String)[pri:0, instance:ff.tests.StockManagement@1a052a00]" started-at="2024-01-04T14:18:51 IST" name="verifyStockQuantity" finished-at="2024-01-04T14:18:51 IST" duration-ms="0" status="SKIP">
          <params>
            <param index="0">
              <value>
                <![CDATA[org.testng.TestRunner@160e99e0]]>
              </value>
            </param>
            <param index="1">
              <value>
                <![CDATA[addstock]]>
              </value>
            </param>
          </params>
          <exception class="org.testng.SkipException">
            <message>
              <![CDATA[Skipping as Data Runmode is N]]>
            </message>
            <full-stacktrace>
              <![CDATA[org.testng.SkipException: Skipping as Data Runmode is N
at testBase.BaseTest.beforeTest(BaseTest.java:55)
at java.base/jdk.internal.reflect.DirectMethodHandleAccessor.invoke(DirectMethodHandleAccessor.java:104)
at java.base/java.lang.reflect.Method.invoke(Method.java:578)
at org.testng.internal.invokers.MethodInvocationHelper.invokeMethod(MethodInvocationHelper.java:139)
at org.testng.internal.invokers.MethodInvocationHelper.invokeMethodConsideringTimeout(MethodInvocationHelper.java:69)
at org.testng.internal.invokers.ConfigInvoker.invokeConfigurationMethod(ConfigInvoker.java:390)
at org.testng.internal.invokers.ConfigInvoker.invokeConfigurations(ConfigInvoker.java:325)
at org.testng.TestRunner.invokeTestConfigurations(TestRunner.java:663)
at org.testng.TestRunner.beforeRun(TestRunner.java:652)
at org.testng.TestRunner.run(TestRunner.java:614)
at org.testng.SuiteRunner.runTest(SuiteRunner.java:443)
at org.testng.SuiteRunner.runSequentially(SuiteRunner.java:437)
at org.testng.SuiteRunner.privateRun(SuiteRunner.java:397)
at org.testng.SuiteRunner.run(SuiteRunner.java:336)
at org.testng.SuiteRunnerWorker.runSuite(SuiteRunnerWorker.java:52)
at org.testng.SuiteRunnerWorker.run(SuiteRunnerWorker.java:95)
at org.testng.TestNG.runSuitesSequentially(TestNG.java:1280)
at org.testng.TestNG.runSuitesLocally(TestNG.java:1200)
at org.testng.TestNG.runSuites(TestNG.java:1114)
at org.testng.TestNG.run(TestNG.java:1082)
at runner.TestNGRunner.run(TestNGRunner.java:88)
at runner.JSONRunner.main(JSONRunner.java:102)
]]>
            </full-stacktrace>
          </exception> <!-- org.testng.SkipException -->
          <reporter-output>
          </reporter-output>
        </test-method> <!-- verifyStockQuantity -->
        <test-method is-config="true" signature="beforeMethod(org.testng.ITestContext)[pri:0, instance:ff.tests.StockManagement@1a052a00]" started-at="2024-01-04T14:18:51 IST" name="beforeMethod" finished-at="2024-01-04T14:18:51 IST" duration-ms="4" status="PASS">
          <params>
            <param index="0">
              <value>
                <![CDATA[org.testng.TestRunner@160e99e0]]>
              </value>
            </param>
          </params>
          <reporter-output>
          </reporter-output>
        </test-method> <!-- beforeMethod -->
        <test-method signature="verifyTransactionHistory(org.testng.ITestContext,java.lang.String)[pri:0, instance:ff.tests.StockManagement@1a052a00]" started-at="2024-01-04T14:18:51 IST" name="verifyTransactionHistory" finished-at="2024-01-04T14:18:51 IST" duration-ms="0" status="SKIP">
          <params>
            <param index="0">
              <value>
                <![CDATA[org.testng.TestRunner@160e99e0]]>
              </value>
            </param>
            <param index="1">
              <value>
                <![CDATA[addstock]]>
              </value>
            </param>
          </params>
          <exception class="org.testng.SkipException">
            <message>
              <![CDATA[Skipping as Data Runmode is N]]>
            </message>
            <full-stacktrace>
              <![CDATA[org.testng.SkipException: Skipping as Data Runmode is N
at testBase.BaseTest.beforeTest(BaseTest.java:55)
at java.base/jdk.internal.reflect.DirectMethodHandleAccessor.invoke(DirectMethodHandleAccessor.java:104)
at java.base/java.lang.reflect.Method.invoke(Method.java:578)
at org.testng.internal.invokers.MethodInvocationHelper.invokeMethod(MethodInvocationHelper.java:139)
at org.testng.internal.invokers.MethodInvocationHelper.invokeMethodConsideringTimeout(MethodInvocationHelper.java:69)
at org.testng.internal.invokers.ConfigInvoker.invokeConfigurationMethod(ConfigInvoker.java:390)
at org.testng.internal.invokers.ConfigInvoker.invokeConfigurations(ConfigInvoker.java:325)
at org.testng.TestRunner.invokeTestConfigurations(TestRunner.java:663)
at org.testng.TestRunner.beforeRun(TestRunner.java:652)
at org.testng.TestRunner.run(TestRunner.java:614)
at org.testng.SuiteRunner.runTest(SuiteRunner.java:443)
at org.testng.SuiteRunner.runSequentially(SuiteRunner.java:437)
at org.testng.SuiteRunner.privateRun(SuiteRunner.java:397)
at org.testng.SuiteRunner.run(SuiteRunner.java:336)
at org.testng.SuiteRunnerWorker.runSuite(SuiteRunnerWorker.java:52)
at org.testng.SuiteRunnerWorker.run(SuiteRunnerWorker.java:95)
at org.testng.TestNG.runSuitesSequentially(TestNG.java:1280)
at org.testng.TestNG.runSuitesLocally(TestNG.java:1200)
at org.testng.TestNG.runSuites(TestNG.java:1114)
at org.testng.TestNG.run(TestNG.java:1082)
at runner.TestNGRunner.run(TestNGRunner.java:88)
at runner.JSONRunner.main(JSONRunner.java:102)
]]>
            </full-stacktrace>
          </exception> <!-- org.testng.SkipException -->
          <reporter-output>
          </reporter-output>
        </test-method> <!-- verifyTransactionHistory -->
      </class> <!-- ff.tests.StockManagement -->
      <class name="ff.tests.PortfolioManagement">
        <test-method is-config="true" signature="beforeTest(org.testng.ITestContext)[pri:0, instance:ff.tests.PortfolioManagement@770c2e6b]" started-at="2024-01-04T14:18:51 IST" name="beforeTest" finished-at="2024-01-04T14:18:51 IST" duration-ms="4" status="SKIP">
          <params>
            <param index="0">
              <value>
                <![CDATA[org.testng.TestRunner@160e99e0]]>
              </value>
            </param>
          </params>
          <exception class="org.testng.SkipException">
            <message>
              <![CDATA[Skipping as Data Runmode is N]]>
            </message>
            <full-stacktrace>
              <![CDATA[org.testng.SkipException: Skipping as Data Runmode is N
at testBase.BaseTest.beforeTest(BaseTest.java:55)
at java.base/jdk.internal.reflect.DirectMethodHandleAccessor.invoke(DirectMethodHandleAccessor.java:104)
at java.base/java.lang.reflect.Method.invoke(Method.java:578)
at org.testng.internal.invokers.MethodInvocationHelper.invokeMethod(MethodInvocationHelper.java:139)
at org.testng.internal.invokers.MethodInvocationHelper.invokeMethodConsideringTimeout(MethodInvocationHelper.java:69)
at org.testng.internal.invokers.ConfigInvoker.invokeConfigurationMethod(ConfigInvoker.java:390)
at org.testng.internal.invokers.ConfigInvoker.invokeConfigurations(ConfigInvoker.java:325)
at org.testng.TestRunner.invokeTestConfigurations(TestRunner.java:663)
at org.testng.TestRunner.beforeRun(TestRunner.java:652)
at org.testng.TestRunner.run(TestRunner.java:614)
at org.testng.SuiteRunner.runTest(SuiteRunner.java:443)
at org.testng.SuiteRunner.runSequentially(SuiteRunner.java:437)
at org.testng.SuiteRunner.privateRun(SuiteRunner.java:397)
at org.testng.SuiteRunner.run(SuiteRunner.java:336)
at org.testng.SuiteRunnerWorker.runSuite(SuiteRunnerWorker.java:52)
at org.testng.SuiteRunnerWorker.run(SuiteRunnerWorker.java:95)
at org.testng.TestNG.runSuitesSequentially(TestNG.java:1280)
at org.testng.TestNG.runSuitesLocally(TestNG.java:1200)
at org.testng.TestNG.runSuites(TestNG.java:1114)
at org.testng.TestNG.run(TestNG.java:1082)
at runner.TestNGRunner.run(TestNGRunner.java:88)
at runner.JSONRunner.main(JSONRunner.java:102)
]]>
            </full-stacktrace>
          </exception> <!-- org.testng.SkipException -->
          <reporter-output>
          </reporter-output>
        </test-method> <!-- beforeTest -->
        <test-method is-config="true" signature="beforeMethod(org.testng.ITestContext)[pri:0, instance:ff.tests.PortfolioManagement@770c2e6b]" started-at="2024-01-04T14:18:51 IST" name="beforeMethod" finished-at="2024-01-04T14:18:51 IST" duration-ms="6" status="PASS">
          <params>
            <param index="0">
              <value>
                <![CDATA[org.testng.TestRunner@160e99e0]]>
              </value>
            </param>
          </params>
          <reporter-output>
          </reporter-output>
        </test-method> <!-- beforeMethod -->
        <test-method signature="selectPortfolio(org.testng.ITestContext)[pri:0, instance:ff.tests.PortfolioManagement@770c2e6b]" started-at="2024-01-04T14:18:51 IST" name="selectPortfolio" finished-at="2024-01-04T14:18:51 IST" duration-ms="0" status="SKIP">
          <params>
            <param index="0">
              <value>
                <![CDATA[org.testng.TestRunner@160e99e0]]>
              </value>
            </param>
          </params>
          <exception class="org.testng.SkipException">
            <message>
              <![CDATA[Skipping as Data Runmode is N]]>
            </message>
            <full-stacktrace>
              <![CDATA[org.testng.SkipException: Skipping as Data Runmode is N
at testBase.BaseTest.beforeTest(BaseTest.java:55)
at java.base/jdk.internal.reflect.DirectMethodHandleAccessor.invoke(DirectMethodHandleAccessor.java:104)
at java.base/java.lang.reflect.Method.invoke(Method.java:578)
at org.testng.internal.invokers.MethodInvocationHelper.invokeMethod(MethodInvocationHelper.java:139)
at org.testng.internal.invokers.MethodInvocationHelper.invokeMethodConsideringTimeout(MethodInvocationHelper.java:69)
at org.testng.internal.invokers.ConfigInvoker.invokeConfigurationMethod(ConfigInvoker.java:390)
at org.testng.internal.invokers.ConfigInvoker.invokeConfigurations(ConfigInvoker.java:325)
at org.testng.TestRunner.invokeTestConfigurations(TestRunner.java:663)
at org.testng.TestRunner.beforeRun(TestRunner.java:652)
at org.testng.TestRunner.run(TestRunner.java:614)
at org.testng.SuiteRunner.runTest(SuiteRunner.java:443)
at org.testng.SuiteRunner.runSequentially(SuiteRunner.java:437)
at org.testng.SuiteRunner.privateRun(SuiteRunner.java:397)
at org.testng.SuiteRunner.run(SuiteRunner.java:336)
at org.testng.SuiteRunnerWorker.runSuite(SuiteRunnerWorker.java:52)
at org.testng.SuiteRunnerWorker.run(SuiteRunnerWorker.java:95)
at org.testng.TestNG.runSuitesSequentially(TestNG.java:1280)
at org.testng.TestNG.runSuitesLocally(TestNG.java:1200)
at org.testng.TestNG.runSuites(TestNG.java:1114)
at org.testng.TestNG.run(TestNG.java:1082)
at runner.TestNGRunner.run(TestNGRunner.java:88)
at runner.JSONRunner.main(JSONRunner.java:102)
]]>
            </full-stacktrace>
          </exception> <!-- org.testng.SkipException -->
          <reporter-output>
          </reporter-output>
        </test-method> <!-- selectPortfolio -->
        <test-method is-config="true" signature="afterTest(org.testng.ITestContext)[pri:0, instance:ff.tests.PortfolioManagement@770c2e6b]" started-at="2024-01-04T14:18:51 IST" name="afterTest" finished-at="2024-01-04T14:18:51 IST" duration-ms="91" status="PASS">
          <params>
            <param index="0">
              <value>
                <![CDATA[org.testng.TestRunner@160e99e0]]>
              </value>
            </param>
          </params>
          <reporter-output>
          </reporter-output>
        </test-method> <!-- afterTest -->
      </class> <!-- ff.tests.PortfolioManagement -->
    </test> <!-- Add New Stock-New StockIteration-1 -->
  </suite> <!-- Stock Suite -->
</testng-results>
